<?xml version="1.0" encoding="UTF-8"?>
<!-- Generated by org.testng.reporters.JUnitReportReporter -->
<testsuite hostname="LP-5CD7521F3F" failures="0" tests="4" name="com.google.qa.testcases.SearchPageTest" time="71.926" errors="0" timestamp="20 Nov 2019 07:14:39 GMT">
  <testcase classname="com.google.qa.testcases.SearchPageTest" name="validateHomePageTitleTest" time="13.371"/>
  <testcase classname="com.google.qa.testcases.SearchPageTest" name="firstPageTest" time="20.924"/>
  <testcase classname="com.google.qa.testcases.SearchPageTest" name="firstPageTest" time="19.048"/>
  <testcase classname="com.google.qa.testcases.SearchPageTest" name="firstPageTest" time="18.583"/>
</testsuite> <!-- com.google.qa.testcases.SearchPageTest -->
