<?xml version="1.0" encoding="UTF-8"?>
<!-- Generated by org.testng.reporters.JUnitReportReporter -->
<testsuite hostname="LP-5CD7521F3F" failures="0" tests="4" name="com.google.qa.testcases.SearchPageTest" time="91.235" errors="0" timestamp="22 Nov 2019 12:02:27 GMT">
  <testcase classname="com.google.qa.testcases.SearchPageTest" name="validateHomePageTitleTest" time="19.139"/>
  <testcase classname="com.google.qa.testcases.SearchPageTest" name="firstPageTest" time="23.137"/>
  <testcase classname="com.google.qa.testcases.SearchPageTest" name="firstPageTest" time="25.198"/>
  <testcase classname="com.google.qa.testcases.SearchPageTest" name="firstPageTest" time="23.761"/>
</testsuite> <!-- com.google.qa.testcases.SearchPageTest -->
