<?xml version="1.0" encoding="UTF-8"?>
<!-- Generated by org.testng.reporters.JUnitReportReporter -->
<testsuite hostname="LP-5CD7521F3F" failures="0" tests="4" name="com.google.qa.testcases.SearchPageTest" time="68.537" errors="0" timestamp="20 Nov 2019 11:26:56 GMT">
  <testcase classname="com.google.qa.testcases.SearchPageTest" name="validateHomePageTitleTest" time="14.677"/>
  <testcase classname="com.google.qa.testcases.SearchPageTest" name="firstPageTest" time="18.303"/>
  <testcase classname="com.google.qa.testcases.SearchPageTest" name="firstPageTest" time="16.903"/>
  <testcase classname="com.google.qa.testcases.SearchPageTest" name="firstPageTest" time="18.654"/>
</testsuite> <!-- com.google.qa.testcases.SearchPageTest -->
